0 info it worked if it ends with ok
1 verbose cli [ '/home/andrew/.nvm/v0.10.36/bin/node',
1 verbose cli   '/home/andrew/.nvm/v0.10.36/bin/npm',
1 verbose cli   'install',
1 verbose cli   'react-router-bootstrap',
1 verbose cli   '--save' ]
2 info using npm@1.4.28
3 info using node@v0.10.36
4 verbose readDependencies using package.json deps
5 verbose cache add [ 'react-router-bootstrap', null ]
6 verbose cache add name=undefined spec="react-router-bootstrap" args=["react-router-bootstrap",null]
7 verbose parsed url { protocol: null,
7 verbose parsed url   slashes: null,
7 verbose parsed url   auth: null,
7 verbose parsed url   host: null,
7 verbose parsed url   port: null,
7 verbose parsed url   hostname: null,
7 verbose parsed url   hash: null,
7 verbose parsed url   search: null,
7 verbose parsed url   query: null,
7 verbose parsed url   pathname: 'react-router-bootstrap',
7 verbose parsed url   path: 'react-router-bootstrap',
7 verbose parsed url   href: 'react-router-bootstrap' }
8 silly lockFile 16577684-react-router-bootstrap react-router-bootstrap
9 verbose lock react-router-bootstrap /home/andrew/.npm/16577684-react-router-bootstrap.lock
10 silly lockFile 16577684-react-router-bootstrap react-router-bootstrap
11 silly lockFile 16577684-react-router-bootstrap react-router-bootstrap
12 verbose addNamed [ 'react-router-bootstrap', '' ]
13 verbose addNamed [ null, '*' ]
14 silly lockFile 2d23b908-react-router-bootstrap react-router-bootstrap@
15 verbose lock react-router-bootstrap@ /home/andrew/.npm/2d23b908-react-router-bootstrap.lock
16 silly addNameRange { name: 'react-router-bootstrap', range: '*', hasData: false }
17 verbose request where is /react-router-bootstrap
18 verbose request registry https://registry.npmjs.org/
19 verbose request id fbfee2129b4f0259
20 verbose url raw /react-router-bootstrap
21 verbose url resolving [ 'https://registry.npmjs.org/', './react-router-bootstrap' ]
22 verbose url resolved https://registry.npmjs.org/react-router-bootstrap
23 verbose request where is https://registry.npmjs.org/react-router-bootstrap
24 info trying registry request attempt 1 at 13:24:43
25 http GET https://registry.npmjs.org/react-router-bootstrap
26 http 200 https://registry.npmjs.org/react-router-bootstrap
27 silly registry.get cb [ 200,
27 silly registry.get   { server: 'CouchDB/1.5.0 (Erlang OTP/R16B03)',
27 silly registry.get     etag: '"BFN8T2XJ5K2TVSN0ND94UYWCX"',
27 silly registry.get     'content-type': 'application/json',
27 silly registry.get     'cache-control': 'max-age=60',
27 silly registry.get     'content-length': '96209',
27 silly registry.get     'accept-ranges': 'bytes',
27 silly registry.get     date: 'Thu, 29 Oct 2015 11:24:43 GMT',
27 silly registry.get     via: '1.1 varnish',
27 silly registry.get     age: '37',
27 silly registry.get     connection: 'keep-alive',
27 silly registry.get     'x-served-by': 'cache-fra1227-FRA',
27 silly registry.get     'x-cache': 'HIT',
27 silly registry.get     'x-cache-hits': '1',
27 silly registry.get     'x-timer': 'S1446117883.825226,VS0,VE0',
27 silly registry.get     vary: 'Accept' } ]
28 silly addNameRange number 2 { name: 'react-router-bootstrap', range: '*', hasData: true }
29 silly addNameRange versions [ 'react-router-bootstrap',
29 silly addNameRange   [ '0.0.2',
29 silly addNameRange     '0.0.3',
29 silly addNameRange     '0.1.0',
29 silly addNameRange     '0.2.0',
29 silly addNameRange     '0.3.0',
29 silly addNameRange     '0.3.1',
29 silly addNameRange     '0.4.0',
29 silly addNameRange     '0.4.1',
29 silly addNameRange     '0.4.2',
29 silly addNameRange     '0.4.3',
29 silly addNameRange     '0.4.4',
29 silly addNameRange     '0.4.5',
29 silly addNameRange     '0.4.6',
29 silly addNameRange     '0.5.0',
29 silly addNameRange     '0.6.0',
29 silly addNameRange     '0.7.0',
29 silly addNameRange     '0.7.1',
29 silly addNameRange     '0.7.2',
29 silly addNameRange     '0.8.0',
29 silly addNameRange     '0.8.1',
29 silly addNameRange     '0.8.2',
29 silly addNameRange     '0.8.3',
29 silly addNameRange     '0.9.0',
29 silly addNameRange     '0.9.1',
29 silly addNameRange     '0.10.0',
29 silly addNameRange     '0.11.0',
29 silly addNameRange     '0.12.0',
29 silly addNameRange     '0.12.1',
29 silly addNameRange     '0.13.0',
29 silly addNameRange     '0.13.1',
29 silly addNameRange     '0.13.2',
29 silly addNameRange     '0.13.3',
29 silly addNameRange     '0.13.4',
29 silly addNameRange     '0.13.5',
29 silly addNameRange     '0.13.6',
29 silly addNameRange     '0.14.0',
29 silly addNameRange     '0.15.0',
29 silly addNameRange     '0.16.0',
29 silly addNameRange     '0.17.0',
29 silly addNameRange     '0.17.1',
29 silly addNameRange     '0.17.2',
29 silly addNameRange     '0.18.0',
29 silly addNameRange     '0.18.1',
29 silly addNameRange     '0.19.0',
29 silly addNameRange     '0.19.1',
29 silly addNameRange     '0.19.2',
29 silly addNameRange     '0.19.3' ] ]
30 verbose addNamed [ 'react-router-bootstrap', '0.19.3' ]
31 verbose addNamed [ '0.19.3', '0.19.3' ]
32 silly lockFile 424dd7fb-react-router-bootstrap-0-19-3 react-router-bootstrap@0.19.3
33 verbose lock react-router-bootstrap@0.19.3 /home/andrew/.npm/424dd7fb-react-router-bootstrap-0-19-3.lock
34 silly lockFile b834b9db-eact-router-bootstrap-0-19-3-tgz https://registry.npmjs.org/react-router-bootstrap/-/react-router-bootstrap-0.19.3.tgz
35 verbose lock https://registry.npmjs.org/react-router-bootstrap/-/react-router-bootstrap-0.19.3.tgz /home/andrew/.npm/b834b9db-eact-router-bootstrap-0-19-3-tgz.lock
36 verbose addRemoteTarball [ 'https://registry.npmjs.org/react-router-bootstrap/-/react-router-bootstrap-0.19.3.tgz',
36 verbose addRemoteTarball   '5c41b116f86fed437dfee3f74d88254d562f6fd7' ]
37 info retry fetch attempt 1 at 13:24:43
38 verbose fetch to= /tmp/npm-4637-IGVRt96e/registry.npmjs.org/react-router-bootstrap/-/react-router-bootstrap-0.19.3.tgz
39 http GET https://registry.npmjs.org/react-router-bootstrap/-/react-router-bootstrap-0.19.3.tgz
40 http 200 https://registry.npmjs.org/react-router-bootstrap/-/react-router-bootstrap-0.19.3.tgz
41 silly lockFile b834b9db-eact-router-bootstrap-0-19-3-tgz https://registry.npmjs.org/react-router-bootstrap/-/react-router-bootstrap-0.19.3.tgz
42 silly lockFile b834b9db-eact-router-bootstrap-0-19-3-tgz https://registry.npmjs.org/react-router-bootstrap/-/react-router-bootstrap-0.19.3.tgz
43 silly lockFile 424dd7fb-react-router-bootstrap-0-19-3 react-router-bootstrap@0.19.3
44 silly lockFile 424dd7fb-react-router-bootstrap-0-19-3 react-router-bootstrap@0.19.3
45 silly lockFile 2d23b908-react-router-bootstrap react-router-bootstrap@
46 silly lockFile 2d23b908-react-router-bootstrap react-router-bootstrap@
47 silly resolved [ { name: 'react-router-bootstrap',
47 silly resolved     version: '0.19.3',
47 silly resolved     description: 'Integration between React Router and React-Bootstrap',
47 silly resolved     main: './lib/index.js',
47 silly resolved     scripts:
47 silly resolved      { prepublish: 'npm run build',
47 silly resolved        build: 'rimraf lib && babel src --out-dir=lib && webpack && webpack -p && npm run bower-prepare',
47 silly resolved        test: 'npm run lint && karma start --single-run',
47 silly resolved        tdd: 'karma start',
47 silly resolved        'visual-test': 'open http://localhost:8080/ && webpack-dev-server --config webpack.visual.config.babel.js',
47 silly resolved        lint: 'eslint *.babel.js src tests',
47 silly resolved        'bower-prepare': 'babel-node scripts/bower-prepare.js',
47 silly resolved        release: 'release' },
47 silly resolved     repository:
47 silly resolved      { type: 'git',
47 silly resolved        url: 'git+ssh://git@github.com/react-bootstrap/react-router-bootstrap.git' },
47 silly resolved     keywords: [ 'react', 'react-router', 'react-bootstrap' ],
47 silly resolved     author: { name: 'Matt Smith', email: 'mtscout6@gmail.com' },
47 silly resolved     license: 'Apache-2.0',
47 silly resolved     bugs: { url: 'https://github.com/react-bootstrap/react-router-bootstrap/issues' },
47 silly resolved     homepage: 'https://github.com/react-bootstrap/react-router-bootstrap',
47 silly resolved     peerDependencies: { react: '>=0.13.0', 'react-router': '>=1.0.0-rc3' },
47 silly resolved     devDependencies:
47 silly resolved      { babel: '^5.8.23',
47 silly resolved        'babel-core': '^5.8.25',
47 silly resolved        'babel-eslint': '^4.1.3',
47 silly resolved        'babel-loader': '^5.3.2',
47 silly resolved        bootstrap: '^3.3.5',
47 silly resolved        colors: '^1.1.2',
47 silly resolved        'css-loader': '^0.19.0',
47 silly resolved        'es5-shim': '^4.1.14',
47 silly resolved        eslint: '^1.7.1',
47 silly resolved        'eslint-config-airbnb': '^0.1.0',
47 silly resolved        'eslint-plugin-babel': '^2.1.1',
47 silly resolved        'eslint-plugin-mocha': '^1.0.0',
47 silly resolved        'eslint-plugin-react': '^3.5.1',
47 silly resolved        'file-loader': '^0.8.4',
47 silly resolved        history: '^1.12.5',
47 silly resolved        'html-webpack-plugin': '^1.6.2',
47 silly resolved        karma: '^0.13.11',
47 silly resolved        'karma-cli': '^0.1.1',
47 silly resolved        'karma-mocha': '^0.2.0',
47 silly resolved        'karma-mocha-reporter': '^1.1.1',
47 silly resolved        'karma-phantomjs-launcher': '^0.2.1',
47 silly resolved        'karma-sinon-chai': '^1.1.0',
47 silly resolved        'karma-sourcemap-loader': '^0.3.6',
47 silly resolved        'karma-webpack': '^1.7.0',
47 silly resolved        less: '^2.5.3',
47 silly resolved        'less-loader': '^2.2.1',
47 silly resolved        lodash: '^3.10.1',
47 silly resolved        mocha: '^2.3.3',
47 silly resolved        'mt-changelog': '^0.6.2',
47 silly resolved        'node-libs-browser': '^0.5.3',
47 silly resolved        phantomjs: '^1.9.18',
47 silly resolved        react: '^0.14.0',
47 silly resolved        'react-bootstrap': '^0.27.2',
47 silly resolved        'react-dom': '^0.14.0',
47 silly resolved        'react-router': '^1.0.0-rc3',
47 silly resolved        'release-script': '^0.5.4',
47 silly resolved        rimraf: '^2.4.3',
47 silly resolved        shelljs: '^0.5.3',
47 silly resolved        'style-loader': '^0.12.4',
47 silly resolved        'url-loader': '^0.5.6',
47 silly resolved        webpack: '^1.12.2',
47 silly resolved        'webpack-dev-server': '^1.12.0',
47 silly resolved        yargs: '^3.27.0' },
47 silly resolved     files: [ 'README', 'CHANGELOG.md', 'lib' ],
47 silly resolved     'release-script': { bowerRepo: 'git@github.com:react-bootstrap/react-router-bootstrap-bower.git' },
47 silly resolved     gitHead: 'faf65588d72b8dd709f0f2e616a65915b52043e8',
47 silly resolved     _id: 'react-router-bootstrap@0.19.3',
47 silly resolved     _shasum: '5c41b116f86fed437dfee3f74d88254d562f6fd7',
47 silly resolved     _from: 'react-router-bootstrap@',
47 silly resolved     _npmVersion: '2.14.8',
47 silly resolved     _nodeVersion: '4.2.1',
47 silly resolved     _npmUser: { name: 'taion', email: 'tesrin@gmail.com' },
47 silly resolved     dist:
47 silly resolved      { shasum: '5c41b116f86fed437dfee3f74d88254d562f6fd7',
47 silly resolved        tarball: 'http://registry.npmjs.org/react-router-bootstrap/-/react-router-bootstrap-0.19.3.tgz' },
47 silly resolved     maintainers: [ [Object], [Object], [Object], [Object], [Object] ],
47 silly resolved     directories: {},
47 silly resolved     _resolved: 'https://registry.npmjs.org/react-router-bootstrap/-/react-router-bootstrap-0.19.3.tgz' } ]
48 info install react-router-bootstrap@0.19.3 into /home/andrew/cybervision
49 info installOne react-router-bootstrap@0.19.3
50 verbose node_modules/react-router-bootstrap unbuild
51 verbose tar unpack /home/andrew/.npm/react-router-bootstrap/0.19.3/package.tgz
52 silly lockFile 4b23d125-e-modules-react-router-bootstrap tar:///home/andrew/cybervision/node_modules/react-router-bootstrap
53 verbose lock tar:///home/andrew/cybervision/node_modules/react-router-bootstrap /home/andrew/.npm/4b23d125-e-modules-react-router-bootstrap.lock
54 silly lockFile e4b5296e-ter-bootstrap-0-19-3-package-tgz tar:///home/andrew/.npm/react-router-bootstrap/0.19.3/package.tgz
55 verbose lock tar:///home/andrew/.npm/react-router-bootstrap/0.19.3/package.tgz /home/andrew/.npm/e4b5296e-ter-bootstrap-0-19-3-package-tgz.lock
56 silly gunzTarPerm modes [ '775', '664' ]
57 silly gunzTarPerm extractEntry package.json
58 silly gunzTarPerm modified mode [ 'package.json', 420, 436 ]
59 silly gunzTarPerm extractEntry README.md
60 silly gunzTarPerm modified mode [ 'README.md', 420, 436 ]
61 silly gunzTarPerm extractEntry lib/IndexLinkContainer.js
62 silly gunzTarPerm modified mode [ 'lib/IndexLinkContainer.js', 420, 436 ]
63 silly gunzTarPerm extractEntry lib/LinkContainer.js
64 silly gunzTarPerm modified mode [ 'lib/LinkContainer.js', 420, 436 ]
65 silly gunzTarPerm extractEntry lib/ReactRouterBootstrap.js
66 silly gunzTarPerm modified mode [ 'lib/ReactRouterBootstrap.js', 420, 436 ]
67 silly gunzTarPerm extractEntry lib/ReactRouterBootstrap.min.js
68 silly gunzTarPerm modified mode [ 'lib/ReactRouterBootstrap.min.js', 420, 436 ]
69 silly gunzTarPerm extractEntry lib/index.js
70 silly gunzTarPerm modified mode [ 'lib/index.js', 420, 436 ]
71 silly gunzTarPerm extractEntry lib/ReactRouterBootstrap.min.js.map
72 silly gunzTarPerm modified mode [ 'lib/ReactRouterBootstrap.min.js.map', 420, 436 ]
73 silly gunzTarPerm extractEntry CHANGELOG.md
74 silly gunzTarPerm modified mode [ 'CHANGELOG.md', 420, 436 ]
75 silly gunzTarPerm extractEntry node_modules/history/package.json
76 silly gunzTarPerm modified mode [ 'node_modules/history/package.json', 420, 436 ]
77 silly gunzTarPerm extractEntry node_modules/history/.npmignore
78 silly gunzTarPerm modified mode [ 'node_modules/history/.npmignore', 420, 436 ]
79 silly gunzTarPerm extractEntry node_modules/history/README.md
80 silly gunzTarPerm modified mode [ 'node_modules/history/README.md', 420, 436 ]
81 silly gunzTarPerm extractEntry node_modules/history/CHANGES.md
82 silly gunzTarPerm modified mode [ 'node_modules/history/CHANGES.md', 420, 436 ]
83 silly gunzTarPerm extractEntry node_modules/history/docs/README.md
84 silly gunzTarPerm modified mode [ 'node_modules/history/docs/README.md', 420, 436 ]
85 silly gunzTarPerm extractEntry node_modules/history/docs/BasenameSupport.md
86 silly gunzTarPerm modified mode [ 'node_modules/history/docs/BasenameSupport.md', 420, 436 ]
87 silly gunzTarPerm extractEntry node_modules/history/docs/ConfirmingNavigation.md
88 silly gunzTarPerm modified mode [ 'node_modules/history/docs/ConfirmingNavigation.md', 420, 436 ]
89 silly gunzTarPerm extractEntry node_modules/history/docs/GettingStarted.md
90 silly gunzTarPerm modified mode [ 'node_modules/history/docs/GettingStarted.md', 420, 436 ]
91 silly gunzTarPerm extractEntry node_modules/history/docs/HashHistoryCaveats.md
92 silly gunzTarPerm modified mode [ 'node_modules/history/docs/HashHistoryCaveats.md', 420, 436 ]
93 silly gunzTarPerm extractEntry node_modules/history/docs/Location.md
94 silly gunzTarPerm modified mode [ 'node_modules/history/docs/Location.md', 420, 436 ]
95 silly gunzTarPerm extractEntry node_modules/history/docs/QuerySupport.md
96 silly gunzTarPerm modified mode [ 'node_modules/history/docs/QuerySupport.md', 420, 436 ]
97 silly gunzTarPerm extractEntry node_modules/history/docs/Terms.md
98 silly gunzTarPerm modified mode [ 'node_modules/history/docs/Terms.md', 420, 436 ]
99 silly gunzTarPerm extractEntry node_modules/history/lib/Actions.js
100 silly gunzTarPerm modified mode [ 'node_modules/history/lib/Actions.js', 420, 436 ]
101 silly gunzTarPerm extractEntry node_modules/history/lib/createDOMHistory.js
102 silly gunzTarPerm modified mode [ 'node_modules/history/lib/createDOMHistory.js', 420, 436 ]
103 silly gunzTarPerm extractEntry node_modules/history/lib/createHashHistory.js
104 silly gunzTarPerm modified mode [ 'node_modules/history/lib/createHashHistory.js', 420, 436 ]
105 silly gunzTarPerm extractEntry node_modules/history/lib/createHistory.js
106 silly gunzTarPerm modified mode [ 'node_modules/history/lib/createHistory.js', 420, 436 ]
107 silly gunzTarPerm extractEntry node_modules/history/lib/createLocation.js
108 silly gunzTarPerm modified mode [ 'node_modules/history/lib/createLocation.js', 420, 436 ]
109 silly gunzTarPerm extractEntry node_modules/history/lib/createBrowserHistory.js
110 silly gunzTarPerm modified mode [ 'node_modules/history/lib/createBrowserHistory.js', 420, 436 ]
111 silly gunzTarPerm extractEntry node_modules/history/lib/deprecate.js
112 silly gunzTarPerm modified mode [ 'node_modules/history/lib/deprecate.js', 420, 436 ]
113 silly gunzTarPerm extractEntry node_modules/history/lib/enableBeforeUnload.js
114 silly gunzTarPerm modified mode [ 'node_modules/history/lib/enableBeforeUnload.js', 420, 436 ]
115 silly gunzTarPerm extractEntry node_modules/history/lib/enableQueries.js
116 silly gunzTarPerm modified mode [ 'node_modules/history/lib/enableQueries.js', 420, 436 ]
117 silly gunzTarPerm extractEntry node_modules/history/lib/index.js
118 silly gunzTarPerm modified mode [ 'node_modules/history/lib/index.js', 420, 436 ]
119 silly gunzTarPerm extractEntry node_modules/history/lib/parsePath.js
120 silly gunzTarPerm modified mode [ 'node_modules/history/lib/parsePath.js', 420, 436 ]
121 silly gunzTarPerm extractEntry node_modules/history/lib/ExecutionEnvironment.js
122 silly gunzTarPerm modified mode [ 'node_modules/history/lib/ExecutionEnvironment.js', 420, 436 ]
123 silly gunzTarPerm extractEntry node_modules/history/lib/runTransitionHook.js
124 silly gunzTarPerm modified mode [ 'node_modules/history/lib/runTransitionHook.js', 420, 436 ]
125 silly gunzTarPerm extractEntry node_modules/history/lib/DOMUtils.js
126 silly gunzTarPerm modified mode [ 'node_modules/history/lib/DOMUtils.js', 420, 436 ]
127 silly gunzTarPerm extractEntry node_modules/history/lib/useBasename.js
128 silly gunzTarPerm modified mode [ 'node_modules/history/lib/useBasename.js', 420, 436 ]
129 silly gunzTarPerm extractEntry node_modules/history/lib/DOMStateStorage.js
130 silly gunzTarPerm modified mode [ 'node_modules/history/lib/DOMStateStorage.js', 420, 436 ]
131 silly gunzTarPerm extractEntry node_modules/history/lib/useBeforeUnload.js
132 silly gunzTarPerm modified mode [ 'node_modules/history/lib/useBeforeUnload.js', 420, 436 ]
133 silly gunzTarPerm extractEntry node_modules/history/lib/AsyncUtils.js
134 silly gunzTarPerm modified mode [ 'node_modules/history/lib/AsyncUtils.js', 420, 436 ]
135 silly gunzTarPerm extractEntry node_modules/history/lib/useQueries.js
136 silly gunzTarPerm modified mode [ 'node_modules/history/lib/useQueries.js', 420, 436 ]
137 silly gunzTarPerm extractEntry node_modules/history/lib/createMemoryHistory.js
138 silly gunzTarPerm modified mode [ 'node_modules/history/lib/createMemoryHistory.js', 420, 436 ]
139 silly gunzTarPerm extractEntry node_modules/history/modules/Actions.js
140 silly gunzTarPerm modified mode [ 'node_modules/history/modules/Actions.js', 420, 436 ]
141 silly gunzTarPerm extractEntry node_modules/history/modules/createDOMHistory.js
142 silly gunzTarPerm modified mode [ 'node_modules/history/modules/createDOMHistory.js', 420, 436 ]
143 silly gunzTarPerm extractEntry node_modules/history/modules/createHashHistory.js
144 silly gunzTarPerm modified mode [ 'node_modules/history/modules/createHashHistory.js', 420, 436 ]
145 silly gunzTarPerm extractEntry node_modules/history/modules/createHistory.js
146 silly gunzTarPerm modified mode [ 'node_modules/history/modules/createHistory.js', 420, 436 ]
147 silly gunzTarPerm extractEntry node_modules/history/modules/createLocation.js
148 silly gunzTarPerm modified mode [ 'node_modules/history/modules/createLocation.js', 420, 436 ]
149 silly gunzTarPerm extractEntry node_modules/history/modules/createBrowserHistory.js
150 silly gunzTarPerm modified mode [ 'node_modules/history/modules/createBrowserHistory.js',
150 silly gunzTarPerm   420,
150 silly gunzTarPerm   436 ]
151 silly gunzTarPerm extractEntry node_modules/history/modules/deprecate.js
152 silly gunzTarPerm modified mode [ 'node_modules/history/modules/deprecate.js', 420, 436 ]
153 silly gunzTarPerm extractEntry node_modules/history/modules/enableBeforeUnload.js
154 silly gunzTarPerm modified mode [ 'node_modules/history/modules/enableBeforeUnload.js',
154 silly gunzTarPerm   420,
154 silly gunzTarPerm   436 ]
155 silly gunzTarPerm extractEntry node_modules/history/modules/enableQueries.js
156 silly gunzTarPerm modified mode [ 'node_modules/history/modules/enableQueries.js', 420, 436 ]
157 silly gunzTarPerm extractEntry node_modules/history/modules/index.js
158 silly gunzTarPerm modified mode [ 'node_modules/history/modules/index.js', 420, 436 ]
159 silly gunzTarPerm extractEntry node_modules/history/modules/parsePath.js
160 silly gunzTarPerm modified mode [ 'node_modules/history/modules/parsePath.js', 420, 436 ]
161 silly gunzTarPerm extractEntry node_modules/history/modules/ExecutionEnvironment.js
162 silly gunzTarPerm modified mode [ 'node_modules/history/modules/ExecutionEnvironment.js',
162 silly gunzTarPerm   420,
162 silly gunzTarPerm   436 ]
163 silly gunzTarPerm extractEntry node_modules/history/modules/runTransitionHook.js
164 silly gunzTarPerm modified mode [ 'node_modules/history/modules/runTransitionHook.js', 420, 436 ]
165 silly gunzTarPerm extractEntry node_modules/history/modules/DOMUtils.js
166 silly gunzTarPerm modified mode [ 'node_modules/history/modules/DOMUtils.js', 420, 436 ]
167 silly gunzTarPerm extractEntry node_modules/history/modules/useBasename.js
168 silly gunzTarPerm modified mode [ 'node_modules/history/modules/useBasename.js', 420, 436 ]
169 silly gunzTarPerm extractEntry node_modules/history/modules/DOMStateStorage.js
170 silly gunzTarPerm modified mode [ 'node_modules/history/modules/DOMStateStorage.js', 420, 436 ]
171 silly gunzTarPerm extractEntry node_modules/history/modules/useBeforeUnload.js
172 silly gunzTarPerm modified mode [ 'node_modules/history/modules/useBeforeUnload.js', 420, 436 ]
173 silly gunzTarPerm extractEntry node_modules/history/modules/AsyncUtils.js
174 silly gunzTarPerm modified mode [ 'node_modules/history/modules/AsyncUtils.js', 420, 436 ]
175 silly gunzTarPerm extractEntry node_modules/history/modules/useQueries.js
176 silly gunzTarPerm modified mode [ 'node_modules/history/modules/useQueries.js', 420, 436 ]
177 silly gunzTarPerm extractEntry node_modules/history/modules/createMemoryHistory.js
178 silly gunzTarPerm modified mode [ 'node_modules/history/modules/createMemoryHistory.js',
178 silly gunzTarPerm   420,
178 silly gunzTarPerm   436 ]
179 silly gunzTarPerm extractEntry node_modules/history/npm-scripts/postinstall.js
180 silly gunzTarPerm modified mode [ 'node_modules/history/npm-scripts/postinstall.js', 420, 436 ]
181 silly gunzTarPerm extractEntry node_modules/history/umd/History.js
182 silly gunzTarPerm modified mode [ 'node_modules/history/umd/History.js', 420, 436 ]
183 silly gunzTarPerm extractEntry node_modules/history/umd/History.min.js
184 silly gunzTarPerm modified mode [ 'node_modules/history/umd/History.min.js', 420, 436 ]
185 silly gunzTarPerm extractEntry node_modules/history/node_modules/deep-equal/package.json
186 silly gunzTarPerm modified mode [ 'node_modules/history/node_modules/deep-equal/package.json',
186 silly gunzTarPerm   420,
186 silly gunzTarPerm   436 ]
187 silly gunzTarPerm extractEntry node_modules/history/node_modules/deep-equal/LICENSE
188 silly gunzTarPerm modified mode [ 'node_modules/history/node_modules/deep-equal/LICENSE',
188 silly gunzTarPerm   420,
188 silly gunzTarPerm   436 ]
189 silly gunzTarPerm extractEntry node_modules/history/node_modules/deep-equal/index.js
190 silly gunzTarPerm modified mode [ 'node_modules/history/node_modules/deep-equal/index.js',
190 silly gunzTarPerm   420,
190 silly gunzTarPerm   436 ]
191 silly gunzTarPerm extractEntry node_modules/history/node_modules/deep-equal/.travis.yml
192 silly gunzTarPerm modified mode [ 'node_modules/history/node_modules/deep-equal/.travis.yml',
192 silly gunzTarPerm   420,
192 silly gunzTarPerm   436 ]
193 silly gunzTarPerm extractEntry node_modules/history/node_modules/deep-equal/example/cmp.js
194 silly gunzTarPerm modified mode [ 'node_modules/history/node_modules/deep-equal/example/cmp.js',
194 silly gunzTarPerm   420,
194 silly gunzTarPerm   436 ]
195 silly gunzTarPerm extractEntry node_modules/history/node_modules/deep-equal/lib/is_arguments.js
196 silly gunzTarPerm modified mode [ 'node_modules/history/node_modules/deep-equal/lib/is_arguments.js',
196 silly gunzTarPerm   420,
196 silly gunzTarPerm   436 ]
197 silly gunzTarPerm extractEntry node_modules/history/node_modules/deep-equal/lib/keys.js
198 silly gunzTarPerm modified mode [ 'node_modules/history/node_modules/deep-equal/lib/keys.js',
198 silly gunzTarPerm   420,
198 silly gunzTarPerm   436 ]
199 silly gunzTarPerm extractEntry node_modules/history/node_modules/deep-equal/readme.markdown
200 silly gunzTarPerm modified mode [ 'node_modules/history/node_modules/deep-equal/readme.markdown',
200 silly gunzTarPerm   420,
200 silly gunzTarPerm   436 ]
201 silly gunzTarPerm extractEntry node_modules/history/node_modules/deep-equal/test/cmp.js
202 silly gunzTarPerm modified mode [ 'node_modules/history/node_modules/deep-equal/test/cmp.js',
202 silly gunzTarPerm   420,
202 silly gunzTarPerm   436 ]
203 silly gunzTarPerm extractEntry node_modules/history/node_modules/invariant/package.json
204 silly gunzTarPerm modified mode [ 'node_modules/history/node_modules/invariant/package.json',
204 silly gunzTarPerm   420,
204 silly gunzTarPerm   436 ]
205 silly gunzTarPerm extractEntry node_modules/history/node_modules/invariant/README.md
206 silly gunzTarPerm modified mode [ 'node_modules/history/node_modules/invariant/README.md',
206 silly gunzTarPerm   420,
206 silly gunzTarPerm   436 ]
207 silly gunzTarPerm extractEntry node_modules/history/node_modules/invariant/browser.js
208 silly gunzTarPerm modified mode [ 'node_modules/history/node_modules/invariant/browser.js',
208 silly gunzTarPerm   420,
208 silly gunzTarPerm   436 ]
209 silly gunzTarPerm extractEntry node_modules/history/node_modules/invariant/invariant.js
210 silly gunzTarPerm modified mode [ 'node_modules/history/node_modules/invariant/invariant.js',
210 silly gunzTarPerm   420,
210 silly gunzTarPerm   436 ]
211 silly gunzTarPerm extractEntry node_modules/history/node_modules/invariant/CHANGELOG.md
212 silly gunzTarPerm modified mode [ 'node_modules/history/node_modules/invariant/CHANGELOG.md',
212 silly gunzTarPerm   420,
212 silly gunzTarPerm   436 ]
213 silly gunzTarPerm extractEntry node_modules/history/node_modules/invariant/node_modules/loose-envify/package.json
214 silly gunzTarPerm modified mode [ 'node_modules/history/node_modules/invariant/node_modules/loose-envify/package.json',
214 silly gunzTarPerm   420,
214 silly gunzTarPerm   436 ]
215 silly gunzTarPerm extractEntry node_modules/history/node_modules/invariant/node_modules/loose-envify/.npmignore
216 silly gunzTarPerm modified mode [ 'node_modules/history/node_modules/invariant/node_modules/loose-envify/.npmignore',
216 silly gunzTarPerm   420,
216 silly gunzTarPerm   436 ]
217 silly gunzTarPerm extractEntry node_modules/history/node_modules/invariant/node_modules/loose-envify/README.md
218 silly gunzTarPerm modified mode [ 'node_modules/history/node_modules/invariant/node_modules/loose-envify/README.md',
218 silly gunzTarPerm   420,
218 silly gunzTarPerm   436 ]
219 silly gunzTarPerm extractEntry node_modules/history/node_modules/invariant/node_modules/loose-envify/custom.js
220 silly gunzTarPerm modified mode [ 'node_modules/history/node_modules/invariant/node_modules/loose-envify/custom.js',
220 silly gunzTarPerm   420,
220 silly gunzTarPerm   436 ]
221 silly gunzTarPerm extractEntry node_modules/history/node_modules/invariant/node_modules/loose-envify/index.js
222 silly gunzTarPerm modified mode [ 'node_modules/history/node_modules/invariant/node_modules/loose-envify/index.js',
222 silly gunzTarPerm   420,
222 silly gunzTarPerm   436 ]
223 silly gunzTarPerm extractEntry node_modules/history/node_modules/invariant/node_modules/loose-envify/loose-envify.js
224 silly gunzTarPerm modified mode [ 'node_modules/history/node_modules/invariant/node_modules/loose-envify/loose-envify.js',
224 silly gunzTarPerm   420,
224 silly gunzTarPerm   436 ]
225 silly gunzTarPerm extractEntry node_modules/history/node_modules/invariant/node_modules/loose-envify/node_modules/js-tokens/package.json
226 silly gunzTarPerm modified mode [ 'node_modules/history/node_modules/invariant/node_modules/loose-envify/node_modules/js-tokens/package.json',
226 silly gunzTarPerm   420,
226 silly gunzTarPerm   436 ]
227 silly gunzTarPerm extractEntry node_modules/history/node_modules/invariant/node_modules/loose-envify/node_modules/js-tokens/.npmignore
228 silly gunzTarPerm modified mode [ 'node_modules/history/node_modules/invariant/node_modules/loose-envify/node_modules/js-tokens/.npmignore',
228 silly gunzTarPerm   420,
228 silly gunzTarPerm   436 ]
229 silly gunzTarPerm extractEntry node_modules/history/node_modules/invariant/node_modules/loose-envify/node_modules/js-tokens/LICENSE
230 silly gunzTarPerm modified mode [ 'node_modules/history/node_modules/invariant/node_modules/loose-envify/node_modules/js-tokens/LICENSE',
230 silly gunzTarPerm   420,
230 silly gunzTarPerm   436 ]
231 silly gunzTarPerm extractEntry node_modules/history/node_modules/invariant/node_modules/loose-envify/node_modules/js-tokens/esprima-compare.js
232 silly gunzTarPerm modified mode [ 'node_modules/history/node_modules/invariant/node_modules/loose-envify/node_modules/js-tokens/esprima-compare.js',
232 silly gunzTarPerm   420,
232 silly gunzTarPerm   436 ]
233 silly gunzTarPerm extractEntry node_modules/history/node_modules/invariant/node_modules/loose-envify/node_modules/js-tokens/index.js
234 silly gunzTarPerm modified mode [ 'node_modules/history/node_modules/invariant/node_modules/loose-envify/node_modules/js-tokens/index.js',
234 silly gunzTarPerm   420,
234 silly gunzTarPerm   436 ]
235 silly gunzTarPerm extractEntry node_modules/history/node_modules/invariant/node_modules/loose-envify/node_modules/js-tokens/generate-index.js
236 silly gunzTarPerm modified mode [ 'node_modules/history/node_modules/invariant/node_modules/loose-envify/node_modules/js-tokens/generate-index.js',
236 silly gunzTarPerm   420,
236 silly gunzTarPerm   436 ]
237 silly gunzTarPerm extractEntry node_modules/history/node_modules/invariant/node_modules/loose-envify/node_modules/js-tokens/.travis.yml
238 silly gunzTarPerm modified mode [ 'node_modules/history/node_modules/invariant/node_modules/loose-envify/node_modules/js-tokens/.travis.yml',
238 silly gunzTarPerm   420,
238 silly gunzTarPerm   436 ]
239 silly gunzTarPerm extractEntry node_modules/history/node_modules/invariant/node_modules/loose-envify/node_modules/js-tokens/changelog.md
240 silly gunzTarPerm modified mode [ 'node_modules/history/node_modules/invariant/node_modules/loose-envify/node_modules/js-tokens/changelog.md',
240 silly gunzTarPerm   420,
240 silly gunzTarPerm   436 ]
241 silly gunzTarPerm extractEntry node_modules/history/node_modules/invariant/node_modules/loose-envify/node_modules/js-tokens/readme.md
242 silly gunzTarPerm modified mode [ 'node_modules/history/node_modules/invariant/node_modules/loose-envify/node_modules/js-tokens/readme.md',
242 silly gunzTarPerm   420,
242 silly gunzTarPerm   436 ]
243 silly gunzTarPerm extractEntry node_modules/history/node_modules/invariant/node_modules/loose-envify/node_modules/js-tokens/regex.coffee
244 silly gunzTarPerm modified mode [ 'node_modules/history/node_modules/invariant/node_modules/loose-envify/node_modules/js-tokens/regex.coffee',
244 silly gunzTarPerm   420,
244 silly gunzTarPerm   436 ]
245 silly gunzTarPerm extractEntry node_modules/history/node_modules/invariant/node_modules/loose-envify/node_modules/js-tokens/test/index.js
246 silly gunzTarPerm modified mode [ 'node_modules/history/node_modules/invariant/node_modules/loose-envify/node_modules/js-tokens/test/index.js',
246 silly gunzTarPerm   420,
246 silly gunzTarPerm   436 ]
247 silly gunzTarPerm extractEntry node_modules/history/node_modules/invariant/node_modules/loose-envify/node_modules/js-tokens/test/fixtures/base64.js
248 silly gunzTarPerm modified mode [ 'node_modules/history/node_modules/invariant/node_modules/loose-envify/node_modules/js-tokens/test/fixtures/base64.js',
248 silly gunzTarPerm   420,
248 silly gunzTarPerm   436 ]
249 silly gunzTarPerm extractEntry node_modules/history/node_modules/invariant/node_modules/loose-envify/node_modules/js-tokens/test/fixtures/division.js
250 silly gunzTarPerm modified mode [ 'node_modules/history/node_modules/invariant/node_modules/loose-envify/node_modules/js-tokens/test/fixtures/division.js',
250 silly gunzTarPerm   420,
250 silly gunzTarPerm   436 ]
251 silly gunzTarPerm extractEntry node_modules/history/node_modules/invariant/node_modules/loose-envify/node_modules/js-tokens/test/fixtures/errors.js
252 silly gunzTarPerm modified mode [ 'node_modules/history/node_modules/invariant/node_modules/loose-envify/node_modules/js-tokens/test/fixtures/errors.js',
252 silly gunzTarPerm   420,
252 silly gunzTarPerm   436 ]
253 silly gunzTarPerm extractEntry node_modules/history/node_modules/invariant/node_modules/loose-envify/node_modules/js-tokens/test/fixtures/regex.js
254 silly gunzTarPerm modified mode [ 'node_modules/history/node_modules/invariant/node_modules/loose-envify/node_modules/js-tokens/test/fixtures/regex.js',
254 silly gunzTarPerm   420,
254 silly gunzTarPerm   436 ]
255 silly gunzTarPerm extractEntry node_modules/history/node_modules/invariant/node_modules/loose-envify/node_modules/js-tokens/test/fixtures/base64.json
256 silly gunzTarPerm modified mode [ 'node_modules/history/node_modules/invariant/node_modules/loose-envify/node_modules/js-tokens/test/fixtures/base64.json',
256 silly gunzTarPerm   420,
256 silly gunzTarPerm   436 ]
257 silly gunzTarPerm extractEntry node_modules/history/node_modules/invariant/node_modules/loose-envify/node_modules/js-tokens/test/fixtures/division.json
258 silly gunzTarPerm modified mode [ 'node_modules/history/node_modules/invariant/node_modules/loose-envify/node_modules/js-tokens/test/fixtures/division.json',
258 silly gunzTarPerm   420,
258 silly gunzTarPerm   436 ]
259 silly gunzTarPerm extractEntry node_modules/history/node_modules/invariant/node_modules/loose-envify/node_modules/js-tokens/test/fixtures/errors.json
260 silly gunzTarPerm modified mode [ 'node_modules/history/node_modules/invariant/node_modules/loose-envify/node_modules/js-tokens/test/fixtures/errors.json',
260 silly gunzTarPerm   420,
260 silly gunzTarPerm   436 ]
261 silly gunzTarPerm extractEntry node_modules/history/node_modules/invariant/node_modules/loose-envify/node_modules/js-tokens/test/fixtures/regex.json
262 silly gunzTarPerm modified mode [ 'node_modules/history/node_modules/invariant/node_modules/loose-envify/node_modules/js-tokens/test/fixtures/regex.json',
262 silly gunzTarPerm   420,
262 silly gunzTarPerm   436 ]
263 silly gunzTarPerm extractEntry node_modules/history/node_modules/qs/package.json
264 silly gunzTarPerm modified mode [ 'node_modules/history/node_modules/qs/package.json', 420, 436 ]
265 silly gunzTarPerm extractEntry node_modules/history/node_modules/qs/.npmignore
266 silly gunzTarPerm modified mode [ 'node_modules/history/node_modules/qs/.npmignore', 420, 436 ]
267 silly gunzTarPerm extractEntry node_modules/history/node_modules/qs/README.md
268 silly gunzTarPerm modified mode [ 'node_modules/history/node_modules/qs/README.md', 420, 436 ]
269 silly gunzTarPerm extractEntry node_modules/history/node_modules/qs/LICENSE
270 silly gunzTarPerm modified mode [ 'node_modules/history/node_modules/qs/LICENSE', 420, 436 ]
271 silly gunzTarPerm extractEntry node_modules/history/node_modules/qs/CONTRIBUTING.md
272 silly gunzTarPerm modified mode [ 'node_modules/history/node_modules/qs/CONTRIBUTING.md',
272 silly gunzTarPerm   420,
272 silly gunzTarPerm   436 ]
273 silly gunzTarPerm extractEntry node_modules/history/node_modules/qs/.eslintignore
274 silly gunzTarPerm modified mode [ 'node_modules/history/node_modules/qs/.eslintignore',
274 silly gunzTarPerm   420,
274 silly gunzTarPerm   436 ]
275 silly gunzTarPerm extractEntry node_modules/history/node_modules/qs/.travis.yml
276 silly gunzTarPerm modified mode [ 'node_modules/history/node_modules/qs/.travis.yml', 420, 436 ]
277 silly gunzTarPerm extractEntry node_modules/history/node_modules/qs/bower.json
278 silly gunzTarPerm modified mode [ 'node_modules/history/node_modules/qs/bower.json', 420, 436 ]
279 silly gunzTarPerm extractEntry node_modules/history/node_modules/qs/lib/index.js
280 silly gunzTarPerm modified mode [ 'node_modules/history/node_modules/qs/lib/index.js', 420, 436 ]
281 silly gunzTarPerm extractEntry node_modules/history/node_modules/qs/lib/parse.js
282 silly gunzTarPerm modified mode [ 'node_modules/history/node_modules/qs/lib/parse.js', 420, 436 ]
283 silly gunzTarPerm extractEntry node_modules/history/node_modules/qs/lib/stringify.js
284 silly gunzTarPerm modified mode [ 'node_modules/history/node_modules/qs/lib/stringify.js',
284 silly gunzTarPerm   420,
284 silly gunzTarPerm   436 ]
285 silly gunzTarPerm extractEntry node_modules/history/node_modules/qs/lib/utils.js
286 silly gunzTarPerm modified mode [ 'node_modules/history/node_modules/qs/lib/utils.js', 420, 436 ]
287 silly gunzTarPerm extractEntry node_modules/history/node_modules/qs/CHANGELOG.md
288 silly gunzTarPerm modified mode [ 'node_modules/history/node_modules/qs/CHANGELOG.md', 420, 436 ]
289 silly gunzTarPerm extractEntry node_modules/history/node_modules/qs/test/parse.js
290 silly gunzTarPerm modified mode [ 'node_modules/history/node_modules/qs/test/parse.js',
290 silly gunzTarPerm   420,
290 silly gunzTarPerm   436 ]
291 silly gunzTarPerm extractEntry node_modules/history/node_modules/qs/test/stringify.js
292 silly gunzTarPerm modified mode [ 'node_modules/history/node_modules/qs/test/stringify.js',
292 silly gunzTarPerm   420,
292 silly gunzTarPerm   436 ]
293 silly gunzTarPerm extractEntry node_modules/history/node_modules/qs/test/utils.js
294 silly gunzTarPerm modified mode [ 'node_modules/history/node_modules/qs/test/utils.js',
294 silly gunzTarPerm   420,
294 silly gunzTarPerm   436 ]
295 silly gunzTarPerm extractEntry node_modules/history/node_modules/warning/package.json
296 silly gunzTarPerm modified mode [ 'node_modules/history/node_modules/warning/package.json',
296 silly gunzTarPerm   420,
296 silly gunzTarPerm   436 ]
297 silly gunzTarPerm extractEntry node_modules/history/node_modules/warning/README.md
298 silly gunzTarPerm modified mode [ 'node_modules/history/node_modules/warning/README.md',
298 silly gunzTarPerm   420,
298 silly gunzTarPerm   436 ]
299 silly gunzTarPerm extractEntry node_modules/history/node_modules/warning/browser.js
300 silly gunzTarPerm modified mode [ 'node_modules/history/node_modules/warning/browser.js',
300 silly gunzTarPerm   420,
300 silly gunzTarPerm   436 ]
301 silly gunzTarPerm extractEntry node_modules/history/node_modules/warning/warning.js
302 silly gunzTarPerm modified mode [ 'node_modules/history/node_modules/warning/warning.js',
302 silly gunzTarPerm   420,
302 silly gunzTarPerm   436 ]
303 silly gunzTarPerm extractEntry node_modules/history/node_modules/warning/CHANGELOG.md
304 silly gunzTarPerm modified mode [ 'node_modules/history/node_modules/warning/CHANGELOG.md',
304 silly gunzTarPerm   420,
304 silly gunzTarPerm   436 ]
305 silly gunzTarPerm extractEntry node_modules/history/node_modules/warning/LICENSE.md
306 silly gunzTarPerm modified mode [ 'node_modules/history/node_modules/warning/LICENSE.md',
306 silly gunzTarPerm   420,
306 silly gunzTarPerm   436 ]
307 silly gunzTarPerm extractEntry node_modules/history/node_modules/warning/node_modules/loose-envify/package.json
308 silly gunzTarPerm modified mode [ 'node_modules/history/node_modules/warning/node_modules/loose-envify/package.json',
308 silly gunzTarPerm   420,
308 silly gunzTarPerm   436 ]
309 silly gunzTarPerm extractEntry node_modules/history/node_modules/warning/node_modules/loose-envify/.npmignore
310 silly gunzTarPerm modified mode [ 'node_modules/history/node_modules/warning/node_modules/loose-envify/.npmignore',
310 silly gunzTarPerm   420,
310 silly gunzTarPerm   436 ]
311 silly gunzTarPerm extractEntry node_modules/history/node_modules/warning/node_modules/loose-envify/README.md
312 silly gunzTarPerm modified mode [ 'node_modules/history/node_modules/warning/node_modules/loose-envify/README.md',
312 silly gunzTarPerm   420,
312 silly gunzTarPerm   436 ]
313 silly gunzTarPerm extractEntry node_modules/history/node_modules/warning/node_modules/loose-envify/custom.js
314 silly gunzTarPerm modified mode [ 'node_modules/history/node_modules/warning/node_modules/loose-envify/custom.js',
314 silly gunzTarPerm   420,
314 silly gunzTarPerm   436 ]
315 silly gunzTarPerm extractEntry node_modules/history/node_modules/warning/node_modules/loose-envify/index.js
316 silly gunzTarPerm modified mode [ 'node_modules/history/node_modules/warning/node_modules/loose-envify/index.js',
316 silly gunzTarPerm   420,
316 silly gunzTarPerm   436 ]
317 silly gunzTarPerm extractEntry node_modules/history/node_modules/warning/node_modules/loose-envify/loose-envify.js
318 silly gunzTarPerm modified mode [ 'node_modules/history/node_modules/warning/node_modules/loose-envify/loose-envify.js',
318 silly gunzTarPerm   420,
318 silly gunzTarPerm   436 ]
319 silly gunzTarPerm extractEntry node_modules/history/node_modules/warning/node_modules/loose-envify/node_modules/js-tokens/package.json
320 silly gunzTarPerm modified mode [ 'node_modules/history/node_modules/warning/node_modules/loose-envify/node_modules/js-tokens/package.json',
320 silly gunzTarPerm   420,
320 silly gunzTarPerm   436 ]
321 silly gunzTarPerm extractEntry node_modules/history/node_modules/warning/node_modules/loose-envify/node_modules/js-tokens/.npmignore
322 silly gunzTarPerm modified mode [ 'node_modules/history/node_modules/warning/node_modules/loose-envify/node_modules/js-tokens/.npmignore',
322 silly gunzTarPerm   420,
322 silly gunzTarPerm   436 ]
323 silly gunzTarPerm extractEntry node_modules/history/node_modules/warning/node_modules/loose-envify/node_modules/js-tokens/LICENSE
324 silly gunzTarPerm modified mode [ 'node_modules/history/node_modules/warning/node_modules/loose-envify/node_modules/js-tokens/LICENSE',
324 silly gunzTarPerm   420,
324 silly gunzTarPerm   436 ]
325 silly gunzTarPerm extractEntry node_modules/history/node_modules/warning/node_modules/loose-envify/node_modules/js-tokens/esprima-compare.js
326 silly gunzTarPerm modified mode [ 'node_modules/history/node_modules/warning/node_modules/loose-envify/node_modules/js-tokens/esprima-compare.js',
326 silly gunzTarPerm   420,
326 silly gunzTarPerm   436 ]
327 silly gunzTarPerm extractEntry node_modules/history/node_modules/warning/node_modules/loose-envify/node_modules/js-tokens/index.js
328 silly gunzTarPerm modified mode [ 'node_modules/history/node_modules/warning/node_modules/loose-envify/node_modules/js-tokens/index.js',
328 silly gunzTarPerm   420,
328 silly gunzTarPerm   436 ]
329 silly gunzTarPerm extractEntry node_modules/history/node_modules/warning/node_modules/loose-envify/node_modules/js-tokens/generate-index.js
330 silly gunzTarPerm modified mode [ 'node_modules/history/node_modules/warning/node_modules/loose-envify/node_modules/js-tokens/generate-index.js',
330 silly gunzTarPerm   420,
330 silly gunzTarPerm   436 ]
331 silly gunzTarPerm extractEntry node_modules/history/node_modules/warning/node_modules/loose-envify/node_modules/js-tokens/.travis.yml
332 silly gunzTarPerm modified mode [ 'node_modules/history/node_modules/warning/node_modules/loose-envify/node_modules/js-tokens/.travis.yml',
332 silly gunzTarPerm   420,
332 silly gunzTarPerm   436 ]
333 silly gunzTarPerm extractEntry node_modules/history/node_modules/warning/node_modules/loose-envify/node_modules/js-tokens/changelog.md
334 silly gunzTarPerm modified mode [ 'node_modules/history/node_modules/warning/node_modules/loose-envify/node_modules/js-tokens/changelog.md',
334 silly gunzTarPerm   420,
334 silly gunzTarPerm   436 ]
335 silly gunzTarPerm extractEntry node_modules/history/node_modules/warning/node_modules/loose-envify/node_modules/js-tokens/readme.md
336 silly gunzTarPerm modified mode [ 'node_modules/history/node_modules/warning/node_modules/loose-envify/node_modules/js-tokens/readme.md',
336 silly gunzTarPerm   420,
336 silly gunzTarPerm   436 ]
337 silly gunzTarPerm extractEntry node_modules/history/node_modules/warning/node_modules/loose-envify/node_modules/js-tokens/regex.coffee
338 silly gunzTarPerm modified mode [ 'node_modules/history/node_modules/warning/node_modules/loose-envify/node_modules/js-tokens/regex.coffee',
338 silly gunzTarPerm   420,
338 silly gunzTarPerm   436 ]
339 silly gunzTarPerm extractEntry node_modules/history/node_modules/warning/node_modules/loose-envify/node_modules/js-tokens/test/index.js
340 silly gunzTarPerm modified mode [ 'node_modules/history/node_modules/warning/node_modules/loose-envify/node_modules/js-tokens/test/index.js',
340 silly gunzTarPerm   420,
340 silly gunzTarPerm   436 ]
341 silly gunzTarPerm extractEntry node_modules/history/node_modules/warning/node_modules/loose-envify/node_modules/js-tokens/test/fixtures/base64.js
342 silly gunzTarPerm modified mode [ 'node_modules/history/node_modules/warning/node_modules/loose-envify/node_modules/js-tokens/test/fixtures/base64.js',
342 silly gunzTarPerm   420,
342 silly gunzTarPerm   436 ]
343 silly gunzTarPerm extractEntry node_modules/history/node_modules/warning/node_modules/loose-envify/node_modules/js-tokens/test/fixtures/division.js
344 silly gunzTarPerm modified mode [ 'node_modules/history/node_modules/warning/node_modules/loose-envify/node_modules/js-tokens/test/fixtures/division.js',
344 silly gunzTarPerm   420,
344 silly gunzTarPerm   436 ]
345 silly gunzTarPerm extractEntry node_modules/history/node_modules/warning/node_modules/loose-envify/node_modules/js-tokens/test/fixtures/errors.js
346 silly gunzTarPerm modified mode [ 'node_modules/history/node_modules/warning/node_modules/loose-envify/node_modules/js-tokens/test/fixtures/errors.js',
346 silly gunzTarPerm   420,
346 silly gunzTarPerm   436 ]
347 silly gunzTarPerm extractEntry node_modules/history/node_modules/warning/node_modules/loose-envify/node_modules/js-tokens/test/fixtures/regex.js
348 silly gunzTarPerm modified mode [ 'node_modules/history/node_modules/warning/node_modules/loose-envify/node_modules/js-tokens/test/fixtures/regex.js',
348 silly gunzTarPerm   420,
348 silly gunzTarPerm   436 ]
349 silly gunzTarPerm extractEntry node_modules/history/node_modules/warning/node_modules/loose-envify/node_modules/js-tokens/test/fixtures/base64.json
350 silly gunzTarPerm modified mode [ 'node_modules/history/node_modules/warning/node_modules/loose-envify/node_modules/js-tokens/test/fixtures/base64.json',
350 silly gunzTarPerm   420,
350 silly gunzTarPerm   436 ]
351 silly gunzTarPerm extractEntry node_modules/history/node_modules/warning/node_modules/loose-envify/node_modules/js-tokens/test/fixtures/division.json
352 silly gunzTarPerm modified mode [ 'node_modules/history/node_modules/warning/node_modules/loose-envify/node_modules/js-tokens/test/fixtures/division.json',
352 silly gunzTarPerm   420,
352 silly gunzTarPerm   436 ]
353 silly gunzTarPerm extractEntry node_modules/history/node_modules/warning/node_modules/loose-envify/node_modules/js-tokens/test/fixtures/errors.json
354 silly gunzTarPerm modified mode [ 'node_modules/history/node_modules/warning/node_modules/loose-envify/node_modules/js-tokens/test/fixtures/errors.json',
354 silly gunzTarPerm   420,
354 silly gunzTarPerm   436 ]
355 silly gunzTarPerm extractEntry node_modules/history/node_modules/warning/node_modules/loose-envify/node_modules/js-tokens/test/fixtures/regex.json
356 silly gunzTarPerm modified mode [ 'node_modules/history/node_modules/warning/node_modules/loose-envify/node_modules/js-tokens/test/fixtures/regex.json',
356 silly gunzTarPerm   420,
356 silly gunzTarPerm   436 ]
357 silly lockFile 4b23d125-e-modules-react-router-bootstrap tar:///home/andrew/cybervision/node_modules/react-router-bootstrap
358 silly lockFile 4b23d125-e-modules-react-router-bootstrap tar:///home/andrew/cybervision/node_modules/react-router-bootstrap
359 silly lockFile e4b5296e-ter-bootstrap-0-19-3-package-tgz tar:///home/andrew/.npm/react-router-bootstrap/0.19.3/package.tgz
360 silly lockFile e4b5296e-ter-bootstrap-0-19-3-package-tgz tar:///home/andrew/.npm/react-router-bootstrap/0.19.3/package.tgz
361 info preinstall react-router-bootstrap@0.19.3
362 verbose readDependencies using package.json deps
363 verbose readDependencies using package.json deps
364 silly resolved []
365 verbose about to build /home/andrew/cybervision/node_modules/react-router-bootstrap
366 info build /home/andrew/cybervision/node_modules/react-router-bootstrap
367 verbose linkStuff [ false, false, false, '/home/andrew/cybervision/node_modules' ]
368 info linkStuff react-router-bootstrap@0.19.3
369 verbose linkBins react-router-bootstrap@0.19.3
370 verbose linkMans react-router-bootstrap@0.19.3
371 verbose rebuildBundles react-router-bootstrap@0.19.3
372 verbose rebuildBundles [ 'history' ]
373 info install react-router-bootstrap@0.19.3
374 info postinstall react-router-bootstrap@0.19.3
375 verbose readDependencies using package.json deps
376 verbose already installed skipping react-router@>=1.0.0-rc3 /home/andrew/cybervision
377 silly resolved []
378 error peerinvalid The package react does not satisfy its siblings' peerDependencies requirements!
378 error peerinvalid Peer react-router@0.13.4 wants react@0.13.x
378 error peerinvalid Peer react-router-bootstrap@0.19.3 wants react@>=0.13.0
378 error peerinvalid Peer react-bootstrap@0.27.3 wants react@>=0.14.0
379 error System Linux 3.13.0-66-generic
380 error command "/home/andrew/.nvm/v0.10.36/bin/node" "/home/andrew/.nvm/v0.10.36/bin/npm" "install" "react-router-bootstrap" "--save"
381 error cwd /home/andrew/cybervision
382 error node -v v0.10.36
383 error npm -v 1.4.28
384 error code EPEERINVALID
385 verbose exit [ 1, true ]
